This file contains any messages produced by compilers while
running configure, to aid debugging if configure makes a mistake.

It was created by record configure 1.0.0, which was
generated by GNU Autoconf 2.69.  Invocation command line was

  $ ./configure --prefix=/opt/hi3518_qq/Hi3518_SDK_V1.0.8.1/mpp/sample/record/ --build=x86_64-pc-linux-gnu --host=arm-hisiv100nptl-linux

## --------- ##
## Platform. ##
## --------- ##

hostname = ubuntu
uname -m = x86_64
uname -r = 3.16.0-50-generic
uname -s = Linux
uname -v = #66~14.04.1-Ubuntu SMP Thu Sep 10 17:05:00 UTC 2015

/usr/bin/uname -p = unknown
/bin/uname -X     = unknown

/bin/arch              = unknown
/usr/bin/arch -k       = unknown
/usr/convex/getsysinfo = unknown
/usr/bin/hostinfo      = unknown
/bin/machine           = unknown
/usr/bin/oslevel       = unknown
/bin/universe          = unknown

PATH: /opt/gcc-arm-none-eabi-4_9-2015q1/bin
PATH: /opt/hisi-linux-nptl/arm-hisiv100-linux/target/bin
PATH: /usr/local/sbin
PATH: /usr/local/bin
PATH: /usr/sbin
PATH: /usr/bin
PATH: /sbin
PATH: /bin
PATH: /usr/games
PATH: /usr/local/games


## ----------- ##
## Core tests. ##
## ----------- ##

configure:1836: checking for a BSD-compatible install
configure:1904: result: /usr/bin/install -c
configure:1915: checking whether build environment is sane
configure:1970: result: yes
configure:2029: checking for arm-hisiv100nptl-linux-strip
configure:2045: found /opt/hisi-linux-nptl/arm-hisiv100-linux/target/bin/arm-hisiv100nptl-linux-strip
configure:2056: result: arm-hisiv100nptl-linux-strip
configure:2121: checking for a thread-safe mkdir -p
configure:2160: result: /bin/mkdir -p
configure:2167: checking for gawk
configure:2197: result: no
configure:2167: checking for mawk
configure:2183: found /usr/bin/mawk
configure:2194: result: mawk
configure:2205: checking whether make sets $(MAKE)
configure:2227: result: yes
configure:2256: checking whether make supports nested variables
configure:2273: result: yes
configure:2409: checking for arm-hisiv100nptl-linux-gcc
configure:2425: found /opt/hisi-linux-nptl/arm-hisiv100-linux/target/bin/arm-hisiv100nptl-linux-gcc
configure:2436: result: arm-hisiv100nptl-linux-gcc
configure:2705: checking for C compiler version
configure:2714: arm-hisiv100nptl-linux-gcc --version >&5
arm-hisiv100nptl-linux-gcc (Hisilicon_v100(gcc4.4-290+uclibc_0.9.32.1+eabi+linuxpthread)) 4.4.1
Copyright (C) 2009 Free Software Foundation, Inc.
This is free software; see the source for copying conditions.  There is NO
warranty; not even for MERCHANTABILITY or FITNESS FOR A PARTICULAR PURPOSE.

configure:2725: $? = 0
configure:2714: arm-hisiv100nptl-linux-gcc -v >&5
Using built-in specs.
Target: arm-hisiv100-linux-uclibcgnueabi
Configured with: ../gcc-4.4-2010q1/configure --host=i486-linux-gnu --build=i486-linux-gnu --target=arm-hisiv100-linux-uclibcgnueabi --prefix=/home/sying/uclibc_h3/hisiv100_finalnptl_src/hisiv100_src/install/arm-hisiv100-linux --enable-threads --disable-libmudflap --disable-libssp --disable-libstdcxx-pch --with-arch=armv5te --with-gnu-as --with-gnu-ld --enable-languages=c,c++ --enable-shared --enable-lto --enable-symvers=gnu --enable-__cxa_atexit --disable-nls --enable-extra-hisi-multilibs --with-sysroot=/home/sying/uclibc_h3/hisiv100_finalnptl_src/hisiv100_src/install/arm-hisiv100-linux/target --with-build-sysroot=/home/sying/uclibc_h3/hisiv100_finalnptl_src/hisiv100_src/install/arm-hisiv100-linux/target --with-gmp=/home/sying/uclibc_h3/hisiv100_finalnptl_src/hisiv100_src/install/host_lib --with-mpfr=/home/sying/uclibc_h3/hisiv100_finalnptl_src/hisiv100_src/install/host_lib --with-ppl=/home/sying/uclibc_h3/hisiv100_finalnptl_src/hisiv100_src/install/host_lib --with-cloog=/home/sying/uclibc_h3/hisiv100_finalnptl_src/hisiv100_src/install/host_lib --with-libelf=/home/sying/uclibc_h3/hisiv100_finalnptl_src/hisiv100_src/install/host_lib --with-host-libstdcxx='-static-libgcc -Wl,-Bstatic,-lstdc++,-Bstatic -lm' --enable-libgomp --enable-poison-system-directories --with-libelf=/home/sying/uclibc_h3/hisiv100_finalnptl_src/hisiv100_src/install/host_lib --with-pkgversion='Hisilicon_v100(gcc4.4-290+uclibc_0.9.32.1+eabi+linuxpthread)' --with-bugurl=http://www.hisilicon.com/cn/service/claim.html
Thread model: posix
gcc version 4.4.1 (Hisilicon_v100(gcc4.4-290+uclibc_0.9.32.1+eabi+linuxpthread)) 
configure:2725: $? = 0
configure:2714: arm-hisiv100nptl-linux-gcc -V >&5
arm-hisiv100nptl-linux-gcc: '-V' option must have argument
configure:2725: $? = 1
configure:2714: arm-hisiv100nptl-linux-gcc -qversion >&5
arm-hisiv100nptl-linux-gcc: unrecognized option '-qversion'
arm-hisiv100nptl-linux-gcc: no input files
configure:2725: $? = 1
configure:2745: checking whether the C compiler works
configure:2767: arm-hisiv100nptl-linux-gcc    conftest.c  >&5
configure:2771: $? = 0
configure:2819: result: yes
configure:2822: checking for C compiler default output file name
configure:2824: result: a.out
configure:2830: checking for suffix of executables
configure:2837: arm-hisiv100nptl-linux-gcc -o conftest    conftest.c  >&5
configure:2841: $? = 0
configure:2863: result: 
configure:2885: checking whether we are cross compiling
configure:2923: result: yes
configure:2928: checking for suffix of object files
configure:2950: arm-hisiv100nptl-linux-gcc -c   conftest.c >&5
configure:2954: $? = 0
configure:2975: result: o
configure:2979: checking whether we are using the GNU C compiler
configure:2998: arm-hisiv100nptl-linux-gcc -c   conftest.c >&5
configure:2998: $? = 0
configure:3007: result: yes
configure:3016: checking whether arm-hisiv100nptl-linux-gcc accepts -g
configure:3036: arm-hisiv100nptl-linux-gcc -c -g  conftest.c >&5
configure:3036: $? = 0
configure:3077: result: yes
configure:3094: checking for arm-hisiv100nptl-linux-gcc option to accept ISO C89
configure:3157: arm-hisiv100nptl-linux-gcc  -c -g -O2  conftest.c >&5
configure:3157: $? = 0
configure:3170: result: none needed
configure:3195: checking whether arm-hisiv100nptl-linux-gcc understands -c and -o together
configure:3217: arm-hisiv100nptl-linux-gcc -c conftest.c -o conftest2.o
configure:3220: $? = 0
configure:3217: arm-hisiv100nptl-linux-gcc -c conftest.c -o conftest2.o
configure:3220: $? = 0
configure:3232: result: yes
configure:3260: checking for style of include used by make
configure:3288: result: GNU
configure:3314: checking dependency style of arm-hisiv100nptl-linux-gcc
configure:3425: result: gcc3
configure:3443: checking for arm-hisiv100nptl-linux-ranlib
configure:3459: found /opt/hisi-linux-nptl/arm-hisiv100-linux/target/bin/arm-hisiv100nptl-linux-ranlib
configure:3470: result: arm-hisiv100nptl-linux-ranlib
configure:3652: checking that generated files are newer than configure
configure:3658: result: done
configure:3681: creating ./config.status

## ---------------------- ##
## Running config.status. ##
## ---------------------- ##

This file was extended by record config.status 1.0.0, which was
generated by GNU Autoconf 2.69.  Invocation command line was

  CONFIG_FILES    = 
  CONFIG_HEADERS  = 
  CONFIG_LINKS    = 
  CONFIG_COMMANDS = 
  $ ./config.status 

on ubuntu

config.status:840: creating Makefile
config.status:840: creating config.h
config.status:1021: config.h is unchanged
config.status:1069: executing depfiles commands

## ---------------- ##
## Cache variables. ##
## ---------------- ##

ac_cv_c_compiler_gnu=yes
ac_cv_env_CC_set=
ac_cv_env_CC_value=
ac_cv_env_CFLAGS_set=
ac_cv_env_CFLAGS_value=
ac_cv_env_CPPFLAGS_set=
ac_cv_env_CPPFLAGS_value=
ac_cv_env_LDFLAGS_set=
ac_cv_env_LDFLAGS_value=
ac_cv_env_LIBS_set=
ac_cv_env_LIBS_value=
ac_cv_env_build_alias_set=set
ac_cv_env_build_alias_value=x86_64-pc-linux-gnu
ac_cv_env_host_alias_set=set
ac_cv_env_host_alias_value=arm-hisiv100nptl-linux
ac_cv_env_target_alias_set=
ac_cv_env_target_alias_value=
ac_cv_objext=o
ac_cv_path_install='/usr/bin/install -c'
ac_cv_path_mkdir=/bin/mkdir
ac_cv_prog_AWK=mawk
ac_cv_prog_CC=arm-hisiv100nptl-linux-gcc
ac_cv_prog_RANLIB=arm-hisiv100nptl-linux-ranlib
ac_cv_prog_STRIP=arm-hisiv100nptl-linux-strip
ac_cv_prog_cc_c89=
ac_cv_prog_cc_g=yes
ac_cv_prog_make_make_set=yes
am_cv_CC_dependencies_compiler_type=gcc3
am_cv_make_support_nested_variables=yes
am_cv_prog_cc_c_o=yes

## ----------------- ##
## Output variables. ##
## ----------------- ##

ACLOCAL='${SHELL} /opt/hi3518_qq/Hi3518_SDK_V1.0.8.1/mpp/sample/record/librecord/missing aclocal-1.14'
AMDEPBACKSLASH='\'
AMDEP_FALSE='#'
AMDEP_TRUE=''
AMTAR='$${TAR-tar}'
AM_BACKSLASH='\'
AM_DEFAULT_V='$(AM_DEFAULT_VERBOSITY)'
AM_DEFAULT_VERBOSITY='1'
AM_V='$(V)'
AUTOCONF='${SHELL} /opt/hi3518_qq/Hi3518_SDK_V1.0.8.1/mpp/sample/record/librecord/missing autoconf'
AUTOHEADER='${SHELL} /opt/hi3518_qq/Hi3518_SDK_V1.0.8.1/mpp/sample/record/librecord/missing autoheader'
AUTOMAKE='${SHELL} /opt/hi3518_qq/Hi3518_SDK_V1.0.8.1/mpp/sample/record/librecord/missing automake-1.14'
AWK='mawk'
CC='arm-hisiv100nptl-linux-gcc'
CCDEPMODE='depmode=gcc3'
CFLAGS='-g -O2'
CPPFLAGS=''
CYGPATH_W='echo'
DEFS='-DHAVE_CONFIG_H'
DEPDIR='.deps'
ECHO_C=''
ECHO_N='-n'
ECHO_T=''
EXEEXT=''
INSTALL_DATA='${INSTALL} -m 644'
INSTALL_PROGRAM='${INSTALL}'
INSTALL_SCRIPT='${INSTALL}'
INSTALL_STRIP_PROGRAM='$(install_sh) -c -s'
LDFLAGS=''
LIBOBJS=''
LIBS=''
LTLIBOBJS=''
MAKEINFO='${SHELL} /opt/hi3518_qq/Hi3518_SDK_V1.0.8.1/mpp/sample/record/librecord/missing makeinfo'
MKDIR_P='/bin/mkdir -p'
OBJEXT='o'
PACKAGE='record'
PACKAGE_BUGREPORT='abcx_x@163.com'
PACKAGE_NAME='record'
PACKAGE_STRING='record 1.0.0'
PACKAGE_TARNAME='record'
PACKAGE_URL=''
PACKAGE_VERSION='1.0.0'
PATH_SEPARATOR=':'
RANLIB='arm-hisiv100nptl-linux-ranlib'
SET_MAKE=''
SHELL='/bin/sh'
STRIP='arm-hisiv100nptl-linux-strip'
VERSION='1.0.0'
ac_ct_CC=''
am__EXEEXT_FALSE=''
am__EXEEXT_TRUE='#'
am__fastdepCC_FALSE='#'
am__fastdepCC_TRUE=''
am__include='include'
am__isrc=''
am__leading_dot='.'
am__nodep='_no'
am__quote=''
am__tar='$${TAR-tar} chof - "$$tardir"'
am__untar='$${TAR-tar} xf -'
bindir='${exec_prefix}/bin'
build_alias='x86_64-pc-linux-gnu'
datadir='${datarootdir}'
datarootdir='${prefix}/share'
docdir='${datarootdir}/doc/${PACKAGE_TARNAME}'
dvidir='${docdir}'
exec_prefix='${prefix}'
host_alias='arm-hisiv100nptl-linux'
htmldir='${docdir}'
includedir='${prefix}/include'
infodir='${datarootdir}/info'
install_sh='${SHELL} /opt/hi3518_qq/Hi3518_SDK_V1.0.8.1/mpp/sample/record/librecord/install-sh'
libdir='${exec_prefix}/lib'
libexecdir='${exec_prefix}/libexec'
localedir='${datarootdir}/locale'
localstatedir='${prefix}/var'
mandir='${datarootdir}/man'
mkdir_p='$(MKDIR_P)'
oldincludedir='/usr/include'
pdfdir='${docdir}'
prefix='/opt/hi3518_qq/Hi3518_SDK_V1.0.8.1/mpp/sample/record'
program_transform_name='s,x,x,'
psdir='${docdir}'
sbindir='${exec_prefix}/sbin'
sharedstatedir='${prefix}/com'
sysconfdir='${prefix}/etc'
target_alias=''

## ----------- ##
## confdefs.h. ##
## ----------- ##

/* confdefs.h */
#define PACKAGE_NAME "record"
#define PACKAGE_TARNAME "record"
#define PACKAGE_VERSION "1.0.0"
#define PACKAGE_STRING "record 1.0.0"
#define PACKAGE_BUGREPORT "abcx_x@163.com"
#define PACKAGE_URL ""
#define PACKAGE "record"
#define VERSION "1.0.0"

configure: exit 0
